<?xml version="1.0" encoding="UTF-8"?>
<!-- Generated by org.testng.reporters.JUnitReportReporter -->
<testsuite hostname="LAPTOP-T6NJ110T" name="com.stta.UserSuite.UserSuiteCaseLoginViaOTP" tests="2" failures="0" timestamp="5 Jan 2017 13:14:31 GMT" time="4.200" errors="0">
  <testcase name="UserSuiteCaseLoginViaOTPTest" time="0.649" classname="com.stta.UserSuite.UserSuiteCaseLoginViaOTP"/>
  <testcase name="UserSuiteCaseLoginViaOTPTest" time="3.551" classname="com.stta.UserSuite.UserSuiteCaseLoginViaOTP"/>
</testsuite> <!-- com.stta.UserSuite.UserSuiteCaseLoginViaOTP -->
