<?xml version="1.0" encoding="UTF-8"?>
<!-- Generated by org.testng.reporters.JUnitReportReporter -->
<testsuite hostname="DESKTOP-EGBJ21E" name="com.stta.BasicUIAutoTestSuite.BasicUIAutoTestSuiteCase1" tests="8" failures="0" timestamp="10 Feb 2017 09:49:37 GMT" time="28.208" errors="0">
  <testcase name="BasicUIAutoTestSuiteCase1Test" time="15.487" classname="com.stta.BasicUIAutoTestSuite.BasicUIAutoTestSuiteCase1"/>
  <testcase name="BasicUIAutoTestSuiteCase1Test" time="0.666" classname="com.stta.BasicUIAutoTestSuite.BasicUIAutoTestSuiteCase1"/>
  <testcase name="BasicUIAutoTestSuiteCase1Test" time="8.964" classname="com.stta.BasicUIAutoTestSuite.BasicUIAutoTestSuiteCase1"/>
  <testcase name="BasicUIAutoTestSuiteCase1Test" time="1.552" classname="com.stta.BasicUIAutoTestSuite.BasicUIAutoTestSuiteCase1"/>
  <testcase name="BasicUIAutoTestSuiteCase1Test" time="0.020" classname="com.stta.BasicUIAutoTestSuite.BasicUIAutoTestSuiteCase1"/>
  <testcase name="BasicUIAutoTestSuiteCase1Test" time="0.629" classname="com.stta.BasicUIAutoTestSuite.BasicUIAutoTestSuiteCase1"/>
  <testcase name="BasicUIAutoTestSuiteCase1Test" time="0.875" classname="com.stta.BasicUIAutoTestSuite.BasicUIAutoTestSuiteCase1"/>
  <testcase name="BasicUIAutoTestSuiteCase1Test" time="0.015" classname="com.stta.BasicUIAutoTestSuite.BasicUIAutoTestSuiteCase1"/>
</testsuite> <!-- com.stta.BasicUIAutoTestSuite.BasicUIAutoTestSuiteCase1 -->
