<?xml version="1.0" encoding="UTF-8"?>
<!-- Generated by org.testng.reporters.JUnitReportReporter -->
<testsuite skipped="0" hostname="DESKTOP-EGBJ21E" name="com.stta.BasicAPITestSuite.BasicAPIResultExtract" tests="24" failures="0" timestamp="24 Apr 2017 14:26:34 GMT" time="19.298" errors="0">
  <testcase name="BasicAPIResultExtractTest" time="0.644" classname="com.stta.BasicAPITestSuite.BasicAPIResultExtract"/>
  <testcase name="BasicAPIResultExtractTest" time="0.707" classname="com.stta.BasicAPITestSuite.BasicAPIResultExtract"/>
  <testcase name="BasicAPIResultExtractTest" time="0.600" classname="com.stta.BasicAPITestSuite.BasicAPIResultExtract"/>
  <testcase name="BasicAPIResultExtractTest" time="0.611" classname="com.stta.BasicAPITestSuite.BasicAPIResultExtract"/>
  <testcase name="BasicAPIResultExtractTest" time="0.615" classname="com.stta.BasicAPITestSuite.BasicAPIResultExtract"/>
  <testcase name="BasicAPIResultExtractTest" time="0.608" classname="com.stta.BasicAPITestSuite.BasicAPIResultExtract"/>
  <testcase name="BasicAPIResultExtractTest" time="0.620" classname="com.stta.BasicAPITestSuite.BasicAPIResultExtract"/>
  <testcase name="BasicAPIResultExtractTest" time="0.619" classname="com.stta.BasicAPITestSuite.BasicAPIResultExtract"/>
  <testcase name="BasicAPIResultExtractTest" time="0.588" classname="com.stta.BasicAPITestSuite.BasicAPIResultExtract"/>
  <testcase name="BasicAPIResultExtractTest" time="0.647" classname="com.stta.BasicAPITestSuite.BasicAPIResultExtract"/>
  <testcase name="BasicAPIResultExtractTest" time="4.768" classname="com.stta.BasicAPITestSuite.BasicAPIResultExtract"/>
  <testcase name="BasicAPIResultExtractTest" time="0.583" classname="com.stta.BasicAPITestSuite.BasicAPIResultExtract"/>
  <testcase name="BasicAPIResultExtractTest" time="0.586" classname="com.stta.BasicAPITestSuite.BasicAPIResultExtract"/>
  <testcase name="BasicAPIResultExtractTest" time="0.621" classname="com.stta.BasicAPITestSuite.BasicAPIResultExtract"/>
  <testcase name="BasicAPIResultExtractTest" time="0.593" classname="com.stta.BasicAPITestSuite.BasicAPIResultExtract"/>
  <testcase name="BasicAPIResultExtractTest" time="0.622" classname="com.stta.BasicAPITestSuite.BasicAPIResultExtract"/>
  <testcase name="BasicAPIResultExtractTest" time="0.597" classname="com.stta.BasicAPITestSuite.BasicAPIResultExtract"/>
  <testcase name="BasicAPIResultExtractTest" time="0.608" classname="com.stta.BasicAPITestSuite.BasicAPIResultExtract"/>
  <testcase name="BasicAPIResultExtractTest" time="0.601" classname="com.stta.BasicAPITestSuite.BasicAPIResultExtract"/>
  <testcase name="BasicAPIResultExtractTest" time="1.019" classname="com.stta.BasicAPITestSuite.BasicAPIResultExtract"/>
  <testcase name="BasicAPIResultExtractTest" time="0.616" classname="com.stta.BasicAPITestSuite.BasicAPIResultExtract"/>
  <testcase name="BasicAPIResultExtractTest" time="0.618" classname="com.stta.BasicAPITestSuite.BasicAPIResultExtract"/>
  <testcase name="BasicAPIResultExtractTest" time="0.596" classname="com.stta.BasicAPITestSuite.BasicAPIResultExtract"/>
  <testcase name="BasicAPIResultExtractTest" time="0.611" classname="com.stta.BasicAPITestSuite.BasicAPIResultExtract"/>
</testsuite> <!-- com.stta.BasicAPITestSuite.BasicAPIResultExtract -->
