<?xml version="1.0" encoding="UTF-8"?>
<!-- Generated by org.testng.reporters.JUnitReportReporter -->
<testsuite skipped="0" hostname="DESKTOP-EGBJ21E" name="com.stta.BasicAPITestSuite.BasicAPIMultipleResultExtract" tests="32" failures="0" timestamp="19 Apr 2017 11:01:28 GMT" time="62.967" errors="0">
  <testcase name="BasicAPIMultipleResultExtractTest" time="1.886" classname="com.stta.BasicAPITestSuite.BasicAPIMultipleResultExtract"/>
  <testcase name="BasicAPIMultipleResultExtractTest" time="1.829" classname="com.stta.BasicAPITestSuite.BasicAPIMultipleResultExtract"/>
  <testcase name="BasicAPIMultipleResultExtractTest" time="1.981" classname="com.stta.BasicAPITestSuite.BasicAPIMultipleResultExtract"/>
  <testcase name="BasicAPIMultipleResultExtractTest" time="1.934" classname="com.stta.BasicAPITestSuite.BasicAPIMultipleResultExtract"/>
  <testcase name="BasicAPIMultipleResultExtractTest" time="1.836" classname="com.stta.BasicAPITestSuite.BasicAPIMultipleResultExtract"/>
  <testcase name="BasicAPIMultipleResultExtractTest" time="1.954" classname="com.stta.BasicAPITestSuite.BasicAPIMultipleResultExtract"/>
  <testcase name="BasicAPIMultipleResultExtractTest" time="1.897" classname="com.stta.BasicAPITestSuite.BasicAPIMultipleResultExtract"/>
  <testcase name="BasicAPIMultipleResultExtractTest" time="1.871" classname="com.stta.BasicAPITestSuite.BasicAPIMultipleResultExtract"/>
  <testcase name="BasicAPIMultipleResultExtractTest" time="1.895" classname="com.stta.BasicAPITestSuite.BasicAPIMultipleResultExtract"/>
  <testcase name="BasicAPIMultipleResultExtractTest" time="2.015" classname="com.stta.BasicAPITestSuite.BasicAPIMultipleResultExtract"/>
  <testcase name="BasicAPIMultipleResultExtractTest" time="2.063" classname="com.stta.BasicAPITestSuite.BasicAPIMultipleResultExtract"/>
  <testcase name="BasicAPIMultipleResultExtractTest" time="2.054" classname="com.stta.BasicAPITestSuite.BasicAPIMultipleResultExtract"/>
  <testcase name="BasicAPIMultipleResultExtractTest" time="1.949" classname="com.stta.BasicAPITestSuite.BasicAPIMultipleResultExtract"/>
  <testcase name="BasicAPIMultipleResultExtractTest" time="1.833" classname="com.stta.BasicAPITestSuite.BasicAPIMultipleResultExtract"/>
  <testcase name="BasicAPIMultipleResultExtractTest" time="1.864" classname="com.stta.BasicAPITestSuite.BasicAPIMultipleResultExtract"/>
  <testcase name="BasicAPIMultipleResultExtractTest" time="1.884" classname="com.stta.BasicAPITestSuite.BasicAPIMultipleResultExtract"/>
  <testcase name="BasicAPIMultipleResultExtractTest" time="1.853" classname="com.stta.BasicAPITestSuite.BasicAPIMultipleResultExtract"/>
  <testcase name="BasicAPIMultipleResultExtractTest" time="1.908" classname="com.stta.BasicAPITestSuite.BasicAPIMultipleResultExtract"/>
  <testcase name="BasicAPIMultipleResultExtractTest" time="3.141" classname="com.stta.BasicAPITestSuite.BasicAPIMultipleResultExtract"/>
  <testcase name="BasicAPIMultipleResultExtractTest" time="1.938" classname="com.stta.BasicAPITestSuite.BasicAPIMultipleResultExtract"/>
  <testcase name="BasicAPIMultipleResultExtractTest" time="1.907" classname="com.stta.BasicAPITestSuite.BasicAPIMultipleResultExtract"/>
  <testcase name="BasicAPIMultipleResultExtractTest" time="1.869" classname="com.stta.BasicAPITestSuite.BasicAPIMultipleResultExtract"/>
  <testcase name="BasicAPIMultipleResultExtractTest" time="1.894" classname="com.stta.BasicAPITestSuite.BasicAPIMultipleResultExtract"/>
  <testcase name="BasicAPIMultipleResultExtractTest" time="1.906" classname="com.stta.BasicAPITestSuite.BasicAPIMultipleResultExtract"/>
  <testcase name="BasicAPIMultipleResultExtractTest" time="2.176" classname="com.stta.BasicAPITestSuite.BasicAPIMultipleResultExtract"/>
  <testcase name="BasicAPIMultipleResultExtractTest" time="1.920" classname="com.stta.BasicAPITestSuite.BasicAPIMultipleResultExtract"/>
  <testcase name="BasicAPIMultipleResultExtractTest" time="2.076" classname="com.stta.BasicAPITestSuite.BasicAPIMultipleResultExtract"/>
  <testcase name="BasicAPIMultipleResultExtractTest" time="2.079" classname="com.stta.BasicAPITestSuite.BasicAPIMultipleResultExtract"/>
  <testcase name="BasicAPIMultipleResultExtractTest" time="1.868" classname="com.stta.BasicAPITestSuite.BasicAPIMultipleResultExtract"/>
  <testcase name="BasicAPIMultipleResultExtractTest" time="1.904" classname="com.stta.BasicAPITestSuite.BasicAPIMultipleResultExtract"/>
  <testcase name="BasicAPIMultipleResultExtractTest" time="1.932" classname="com.stta.BasicAPITestSuite.BasicAPIMultipleResultExtract"/>
  <testcase name="BasicAPIMultipleResultExtractTest" time="1.851" classname="com.stta.BasicAPITestSuite.BasicAPIMultipleResultExtract"/>
</testsuite> <!-- com.stta.BasicAPITestSuite.BasicAPIMultipleResultExtract -->
