<?xml version="1.0" encoding="UTF-8"?>
<!-- Generated by org.testng.reporters.JUnitReportReporter -->
<testsuite name="com.stta.BasicAPITestSuite.BasicAPITestSuiteCaseSF" tests="21" time="14.642" ignored="0" failures="0" timestamp="18 Mar 2017 07:43:02 GMT" skipped="0" hostname="DESKTOP-EGBJ21E" errors="0">
  <testcase name="BasicAPITestSuiteCaseSFTest" time="0.638" classname="com.stta.BasicAPITestSuite.BasicAPITestSuiteCaseSF"/>
  <testcase name="BasicAPITestSuiteCaseSFTest" time="0.647" classname="com.stta.BasicAPITestSuite.BasicAPITestSuiteCaseSF"/>
  <testcase name="BasicAPITestSuiteCaseSFTest" time="0.631" classname="com.stta.BasicAPITestSuite.BasicAPITestSuiteCaseSF"/>
  <testcase name="BasicAPITestSuiteCaseSFTest" time="0.655" classname="com.stta.BasicAPITestSuite.BasicAPITestSuiteCaseSF"/>
  <testcase name="BasicAPITestSuiteCaseSFTest" time="0.644" classname="com.stta.BasicAPITestSuite.BasicAPITestSuiteCaseSF"/>
  <testcase name="BasicAPITestSuiteCaseSFTest" time="0.640" classname="com.stta.BasicAPITestSuite.BasicAPITestSuiteCaseSF"/>
  <testcase name="BasicAPITestSuiteCaseSFTest" time="0.657" classname="com.stta.BasicAPITestSuite.BasicAPITestSuiteCaseSF"/>
  <testcase name="BasicAPITestSuiteCaseSFTest" time="0.638" classname="com.stta.BasicAPITestSuite.BasicAPITestSuiteCaseSF"/>
  <testcase name="BasicAPITestSuiteCaseSFTest" time="0.625" classname="com.stta.BasicAPITestSuite.BasicAPITestSuiteCaseSF"/>
  <testcase name="BasicAPITestSuiteCaseSFTest" time="0.635" classname="com.stta.BasicAPITestSuite.BasicAPITestSuiteCaseSF"/>
  <testcase name="BasicAPITestSuiteCaseSFTest" time="0.638" classname="com.stta.BasicAPITestSuite.BasicAPITestSuiteCaseSF"/>
  <testcase name="BasicAPITestSuiteCaseSFTest" time="1.747" classname="com.stta.BasicAPITestSuite.BasicAPITestSuiteCaseSF"/>
  <testcase name="BasicAPITestSuiteCaseSFTest" time="0.658" classname="com.stta.BasicAPITestSuite.BasicAPITestSuiteCaseSF"/>
  <testcase name="BasicAPITestSuiteCaseSFTest" time="0.650" classname="com.stta.BasicAPITestSuite.BasicAPITestSuiteCaseSF"/>
  <testcase name="BasicAPITestSuiteCaseSFTest" time="0.651" classname="com.stta.BasicAPITestSuite.BasicAPITestSuiteCaseSF"/>
  <testcase name="BasicAPITestSuiteCaseSFTest" time="0.653" classname="com.stta.BasicAPITestSuite.BasicAPITestSuiteCaseSF"/>
  <testcase name="BasicAPITestSuiteCaseSFTest" time="0.665" classname="com.stta.BasicAPITestSuite.BasicAPITestSuiteCaseSF"/>
  <testcase name="BasicAPITestSuiteCaseSFTest" time="0.650" classname="com.stta.BasicAPITestSuite.BasicAPITestSuiteCaseSF"/>
  <testcase name="BasicAPITestSuiteCaseSFTest" time="0.622" classname="com.stta.BasicAPITestSuite.BasicAPITestSuiteCaseSF"/>
  <testcase name="BasicAPITestSuiteCaseSFTest" time="0.663" classname="com.stta.BasicAPITestSuite.BasicAPITestSuiteCaseSF"/>
  <testcase name="BasicAPITestSuiteCaseSFTest" time="0.635" classname="com.stta.BasicAPITestSuite.BasicAPITestSuiteCaseSF"/>
</testsuite> <!-- com.stta.BasicAPITestSuite.BasicAPITestSuiteCaseSF -->
