<?xml version="1.0" encoding="UTF-8"?>
<!-- Generated by org.testng.reporters.JUnitReportReporter -->
<testsuite skipped="0" hostname="DESKTOP-EGBJ21E" name="com.stta.BasicAPITestSuite.BasicAPIMultipleResultExtract1" tests="45" failures="0" timestamp="26 Apr 2017 06:38:02 GMT" time="30.427" errors="0">
  <testcase name="BasicAPIMultipleResultExtract1Test" time="0.628" classname="com.stta.BasicAPITestSuite.BasicAPIMultipleResultExtract1"/>
  <testcase name="BasicAPIMultipleResultExtract1Test" time="0.510" classname="com.stta.BasicAPITestSuite.BasicAPIMultipleResultExtract1"/>
  <testcase name="BasicAPIMultipleResultExtract1Test" time="0.648" classname="com.stta.BasicAPITestSuite.BasicAPIMultipleResultExtract1"/>
  <testcase name="BasicAPIMultipleResultExtract1Test" time="0.761" classname="com.stta.BasicAPITestSuite.BasicAPIMultipleResultExtract1"/>
  <testcase name="BasicAPIMultipleResultExtract1Test" time="0.720" classname="com.stta.BasicAPITestSuite.BasicAPIMultipleResultExtract1"/>
  <testcase name="BasicAPIMultipleResultExtract1Test" time="0.629" classname="com.stta.BasicAPITestSuite.BasicAPIMultipleResultExtract1"/>
  <testcase name="BasicAPIMultipleResultExtract1Test" time="0.636" classname="com.stta.BasicAPITestSuite.BasicAPIMultipleResultExtract1"/>
  <testcase name="BasicAPIMultipleResultExtract1Test" time="0.640" classname="com.stta.BasicAPITestSuite.BasicAPIMultipleResultExtract1"/>
  <testcase name="BasicAPIMultipleResultExtract1Test" time="0.582" classname="com.stta.BasicAPITestSuite.BasicAPIMultipleResultExtract1"/>
  <testcase name="BasicAPIMultipleResultExtract1Test" time="0.656" classname="com.stta.BasicAPITestSuite.BasicAPIMultipleResultExtract1"/>
  <testcase name="BasicAPIMultipleResultExtract1Test" time="0.626" classname="com.stta.BasicAPITestSuite.BasicAPIMultipleResultExtract1"/>
  <testcase name="BasicAPIMultipleResultExtract1Test" time="0.622" classname="com.stta.BasicAPITestSuite.BasicAPIMultipleResultExtract1"/>
  <testcase name="BasicAPIMultipleResultExtract1Test" time="0.656" classname="com.stta.BasicAPITestSuite.BasicAPIMultipleResultExtract1"/>
  <testcase name="BasicAPIMultipleResultExtract1Test" time="0.600" classname="com.stta.BasicAPITestSuite.BasicAPIMultipleResultExtract1"/>
  <testcase name="BasicAPIMultipleResultExtract1Test" time="0.619" classname="com.stta.BasicAPITestSuite.BasicAPIMultipleResultExtract1"/>
  <testcase name="BasicAPIMultipleResultExtract1Test" time="0.631" classname="com.stta.BasicAPITestSuite.BasicAPIMultipleResultExtract1"/>
  <testcase name="BasicAPIMultipleResultExtract1Test" time="0.641" classname="com.stta.BasicAPITestSuite.BasicAPIMultipleResultExtract1"/>
  <testcase name="BasicAPIMultipleResultExtract1Test" time="0.705" classname="com.stta.BasicAPITestSuite.BasicAPIMultipleResultExtract1"/>
  <testcase name="BasicAPIMultipleResultExtract1Test" time="0.525" classname="com.stta.BasicAPITestSuite.BasicAPIMultipleResultExtract1"/>
  <testcase name="BasicAPIMultipleResultExtract1Test" time="0.555" classname="com.stta.BasicAPITestSuite.BasicAPIMultipleResultExtract1"/>
  <testcase name="BasicAPIMultipleResultExtract1Test" time="0.657" classname="com.stta.BasicAPITestSuite.BasicAPIMultipleResultExtract1"/>
  <testcase name="BasicAPIMultipleResultExtract1Test" time="0.636" classname="com.stta.BasicAPITestSuite.BasicAPIMultipleResultExtract1"/>
  <testcase name="BasicAPIMultipleResultExtract1Test" time="0.649" classname="com.stta.BasicAPITestSuite.BasicAPIMultipleResultExtract1"/>
  <testcase name="BasicAPIMultipleResultExtract1Test" time="0.657" classname="com.stta.BasicAPITestSuite.BasicAPIMultipleResultExtract1"/>
  <testcase name="BasicAPIMultipleResultExtract1Test" time="0.633" classname="com.stta.BasicAPITestSuite.BasicAPIMultipleResultExtract1"/>
  <testcase name="BasicAPIMultipleResultExtract1Test" time="0.620" classname="com.stta.BasicAPITestSuite.BasicAPIMultipleResultExtract1"/>
  <testcase name="BasicAPIMultipleResultExtract1Test" time="0.629" classname="com.stta.BasicAPITestSuite.BasicAPIMultipleResultExtract1"/>
  <testcase name="BasicAPIMultipleResultExtract1Test" time="0.642" classname="com.stta.BasicAPITestSuite.BasicAPIMultipleResultExtract1"/>
  <testcase name="BasicAPIMultipleResultExtract1Test" time="0.643" classname="com.stta.BasicAPITestSuite.BasicAPIMultipleResultExtract1"/>
  <testcase name="BasicAPIMultipleResultExtract1Test" time="0.518" classname="com.stta.BasicAPITestSuite.BasicAPIMultipleResultExtract1"/>
  <testcase name="BasicAPIMultipleResultExtract1Test" time="0.632" classname="com.stta.BasicAPITestSuite.BasicAPIMultipleResultExtract1"/>
  <testcase name="BasicAPIMultipleResultExtract1Test" time="0.645" classname="com.stta.BasicAPITestSuite.BasicAPIMultipleResultExtract1"/>
  <testcase name="BasicAPIMultipleResultExtract1Test" time="0.647" classname="com.stta.BasicAPITestSuite.BasicAPIMultipleResultExtract1"/>
  <testcase name="BasicAPIMultipleResultExtract1Test" time="0.646" classname="com.stta.BasicAPITestSuite.BasicAPIMultipleResultExtract1"/>
  <testcase name="BasicAPIMultipleResultExtract1Test" time="0.647" classname="com.stta.BasicAPITestSuite.BasicAPIMultipleResultExtract1"/>
  <testcase name="BasicAPIMultipleResultExtract1Test" time="0.712" classname="com.stta.BasicAPITestSuite.BasicAPIMultipleResultExtract1"/>
  <testcase name="BasicAPIMultipleResultExtract1Test" time="0.643" classname="com.stta.BasicAPITestSuite.BasicAPIMultipleResultExtract1"/>
  <testcase name="BasicAPIMultipleResultExtract1Test" time="0.651" classname="com.stta.BasicAPITestSuite.BasicAPIMultipleResultExtract1"/>
  <testcase name="BasicAPIMultipleResultExtract1Test" time="0.627" classname="com.stta.BasicAPITestSuite.BasicAPIMultipleResultExtract1"/>
  <testcase name="BasicAPIMultipleResultExtract1Test" time="0.665" classname="com.stta.BasicAPITestSuite.BasicAPIMultipleResultExtract1"/>
  <testcase name="BasicAPIMultipleResultExtract1Test" time="0.635" classname="com.stta.BasicAPITestSuite.BasicAPIMultipleResultExtract1"/>
  <testcase name="BasicAPIMultipleResultExtract1Test" time="2.443" classname="com.stta.BasicAPITestSuite.BasicAPIMultipleResultExtract1"/>
  <testcase name="BasicAPIMultipleResultExtract1Test" time="0.651" classname="com.stta.BasicAPITestSuite.BasicAPIMultipleResultExtract1"/>
  <testcase name="BasicAPIMultipleResultExtract1Test" time="0.638" classname="com.stta.BasicAPITestSuite.BasicAPIMultipleResultExtract1"/>
  <testcase name="BasicAPIMultipleResultExtract1Test" time="0.671" classname="com.stta.BasicAPITestSuite.BasicAPIMultipleResultExtract1"/>
</testsuite> <!-- com.stta.BasicAPITestSuite.BasicAPIMultipleResultExtract1 -->
